  Whydidthecowcrosstheroad.cpp
C:\Users\viksp\.acmx\solutions\USACOPRACTICE\2016-2017\Whydidthecowcrosstheroad\Whydidthecowcrosstheroad.cpp(82,32): warning C4018: '<': signed/unsigned mismatch
C:\Program Files (x86)\Microsoft Visual Studio\2019\Community\VC\Tools\MSVC\14.29.30037\include\utility(222,16): warning C4244: 'initializing': conversion from 'const _Ty1' to '_Ty1', possible loss of data
          with
          [
              _Ty1=__int64
          ]
          and
          [
              _Ty1=int
          ]
C:\Program Files (x86)\Microsoft Visual Studio\2019\Community\VC\Tools\MSVC\14.29.30037\include\algorithm(7303): message : see reference to function template instantiation 'std::pair<int,int>::pair<__int64,__int64,0>(const std::pair<__int64,__int64> &) noexcept' being compiled
C:\Program Files (x86)\Microsoft Visual Studio\2019\Community\VC\Tools\MSVC\14.29.30037\include\algorithm(7302): message : see reference to function template instantiation 'std::pair<int,int>::pair<__int64,__int64,0>(const std::pair<__int64,__int64> &) noexcept' being compiled
C:\Program Files (x86)\Microsoft Visual Studio\2019\Community\VC\Tools\MSVC\14.29.30037\include\algorithm(7380): message : see reference to function template instantiation 'std::pair<_RanIt,_RanIt> std::_Partition_by_median_guess_unchecked<_RanIt,_Pr>(_RanIt,_RanIt,_Pr)' being compiled
          with
          [
              _RanIt=std::pair<__int64,__int64> *,
              _Pr=sort_pred
          ]
C:\Program Files (x86)\Microsoft Visual Studio\2019\Community\VC\Tools\MSVC\14.29.30037\include\algorithm(7399): message : see reference to function template instantiation 'void std::_Sort_unchecked<std::pair<__int64,__int64>*,_Fn>(_RanIt,_RanIt,int,_Pr)' being compiled
          with
          [
              _Fn=sort_pred,
              _RanIt=std::pair<__int64,__int64> *,
              _Pr=sort_pred
          ]
C:\Users\viksp\.acmx\solutions\USACOPRACTICE\2016-2017\Whydidthecowcrosstheroad\Whydidthecowcrosstheroad.cpp(67): message : see reference to function template instantiation 'void std::sort<std::_Vector_iterator<std::_Vector_val<std::_Simple_types<_Ty>>>,sort_pred>(const _RanIt,const _RanIt,_Pr)' being compiled
          with
          [
              _Ty=std::pair<__int64,__int64>,
              _RanIt=std::_Vector_iterator<std::_Vector_val<std::_Simple_types<std::pair<__int64,__int64>>>>,
              _Pr=sort_pred
          ]
C:\Program Files (x86)\Microsoft Visual Studio\2019\Community\VC\Tools\MSVC\14.29.30037\include\utility(222,38): warning C4244: 'initializing': conversion from 'const _Ty2' to '_Ty2', possible loss of data
          with
          [
              _Ty2=__int64
          ]
          and
          [
              _Ty2=int
          ]
  Whydidthecowcrosstheroad.vcxproj -> C:\Users\viksp\.acmx\solutions\USACOPRACTICE\2016-2017\Whydidthecowcrosstheroad\Debug\Whydidthecowcrosstheroad.exe
